[01m[K/home/pedro/ros2_ws/src/robot_ras_decision/src/manager.cpp:[m[K In member function â€˜[01m[Kvoid Manager::timer_callback()[m[Kâ€™:
[01m[K/home/pedro/ros2_ws/src/robot_ras_decision/src/manager.cpp:133:1:[m[K [01;31m[Kerror: [m[Kâ€˜[01m[Kdirecao[m[Kâ€™ was not declared in this scope
  133 | [01;31m[Kdirecao[m[K = "right";
      | [01;31m[K^~~~~~~[m[K
[01m[K/home/pedro/ros2_ws/src/robot_ras_decision/src/manager.cpp:66:9:[m[K [01;35m[Kwarning: [m[Kunused variable â€˜[01m[Ktempo_frente[m[Kâ€™ [[01;35m[K]8;;https://gcc.gnu.org/onlinedocs/gcc/Warning-Options.html#index-Wunused-variable-Wunused-variable]8;;[m[K]
   66 |   float [01;35m[Ktempo_frente[m[K = (distancia_frente_ > 0.05f) ? distancia_frente_ / velocidade_linear : 1000.0f;
      |         [01;35m[K^~~~~~~~~~~~[m[K
gmake[2]: *** [CMakeFiles/Manager.dir/build.make:76: CMakeFiles/Manager.dir/src/manager.cpp.o] Error 1
gmake[1]: *** [CMakeFiles/Makefile2:624: CMakeFiles/Manager.dir/all] Error 2
gmake: *** [Makefile:146: all] Error 2
