[  2%] Built target robot_ras_decision__cpp
[ 11%] Built target robot_ras_decision__rosidl_generator_c
[ 11%] Built target ament_cmake_python_copy_robot_ras_decision
[ 20%] Built target robot_ras_decision__rosidl_typesupport_introspection_cpp
[ 30%] Built target robot_ras_decision__rosidl_typesupport_fastrtps_cpp
[ 39%] Built target robot_ras_decision__rosidl_typesupport_cpp
[ 48%] Built target robot_ras_decision__rosidl_typesupport_fastrtps_c
[ 58%] Built target robot_ras_decision__rosidl_typesupport_c
[ 67%] Built target robot_ras_decision__rosidl_typesupport_introspection_c
[ 67%] Built target robot_ras_decision
[35m[1mConsolidate compiler generated dependencies of target MovementControl[0m
[ 69%] Built target robot_ras_decision__py
[ 72%] [32mBuilding CXX object CMakeFiles/Manager.dir/src/manager.cpp.o[0m
[ 76%] Built target MovementControl
[ 83%] Built target robot_ras_decision__rosidl_generator_py
[ 93%] Built target robot_ras_decision__rosidl_typesupport_c__pyext
[ 93%] Built target robot_ras_decision__rosidl_typesupport_introspection_c__pyext
[ 97%] Built target robot_ras_decision__rosidl_typesupport_fastrtps_c__pyext
running egg_info
writing robot_ras_decision.egg-info/PKG-INFO
writing dependency_links to robot_ras_decision.egg-info/dependency_links.txt
writing top-level names to robot_ras_decision.egg-info/top_level.txt
reading manifest file 'robot_ras_decision.egg-info/SOURCES.txt'
writing manifest file 'robot_ras_decision.egg-info/SOURCES.txt'
[ 97%] Built target ament_cmake_python_build_robot_ras_decision_egg
[01m[K/home/pedro/ros2_ws/src/robot_ras_decision/src/manager.cpp:[m[K In member function â€˜[01m[Kvoid Manager::timer_callback()[m[Kâ€™:
[01m[K/home/pedro/ros2_ws/src/robot_ras_decision/src/manager.cpp:133:1:[m[K [01;31m[Kerror: [m[Kâ€˜[01m[Kdirecao[m[Kâ€™ was not declared in this scope
  133 | [01;31m[Kdirecao[m[K = "right";
      | [01;31m[K^~~~~~~[m[K
[01m[K/home/pedro/ros2_ws/src/robot_ras_decision/src/manager.cpp:66:9:[m[K [01;35m[Kwarning: [m[Kunused variable â€˜[01m[Ktempo_frente[m[Kâ€™ [[01;35m[K]8;;https://gcc.gnu.org/onlinedocs/gcc/Warning-Options.html#index-Wunused-variable-Wunused-variable]8;;[m[K]
   66 |   float [01;35m[Ktempo_frente[m[K = (distancia_frente_ > 0.05f) ? distancia_frente_ / velocidade_linear : 1000.0f;
      |         [01;35m[K^~~~~~~~~~~~[m[K
gmake[2]: *** [CMakeFiles/Manager.dir/build.make:76: CMakeFiles/Manager.dir/src/manager.cpp.o] Error 1
gmake[1]: *** [CMakeFiles/Makefile2:624: CMakeFiles/Manager.dir/all] Error 2
gmake: *** [Makefile:146: all] Error 2
