[0.013s] Invoking command in '/home/pedro/ros2_ws/build/robot_ras_decision': CMAKE_PREFIX_PATH=${CMAKE_PREFIX_PATH}:/opt/ros/humble /usr/bin/cmake --build /home/pedro/ros2_ws/build/robot_ras_decision -- -j6 -l6
[0.060s] [  2%] Built target robot_ras_decision__cpp
[0.062s] [ 11%] Built target robot_ras_decision__rosidl_generator_c
[0.068s] [ 11%] Built target ament_cmake_python_copy_robot_ras_decision
[0.086s] [ 20%] Built target robot_ras_decision__rosidl_typesupport_introspection_cpp
[0.087s] [ 30%] Built target robot_ras_decision__rosidl_typesupport_fastrtps_cpp
[0.087s] [ 39%] Built target robot_ras_decision__rosidl_typesupport_cpp
[0.092s] [ 48%] Built target robot_ras_decision__rosidl_typesupport_fastrtps_c
[0.094s] [ 58%] Built target robot_ras_decision__rosidl_typesupport_c
[0.094s] [ 67%] Built target robot_ras_decision__rosidl_typesupport_introspection_c
[0.114s] [ 67%] Built target robot_ras_decision
[0.126s] [35m[1mConsolidate compiler generated dependencies of target MovementControl[0m
[0.134s] [ 69%] Built target robot_ras_decision__py
[0.139s] [ 72%] [32mBuilding CXX object CMakeFiles/Manager.dir/src/manager.cpp.o[0m
[0.145s] [ 76%] Built target MovementControl
[0.156s] [ 83%] Built target robot_ras_decision__rosidl_generator_py
[0.179s] [ 93%] Built target robot_ras_decision__rosidl_typesupport_c__pyext
[0.179s] [ 93%] Built target robot_ras_decision__rosidl_typesupport_introspection_c__pyext
[0.179s] [ 97%] Built target robot_ras_decision__rosidl_typesupport_fastrtps_c__pyext
[0.299s] running egg_info
[0.300s] writing robot_ras_decision.egg-info/PKG-INFO
[0.300s] writing dependency_links to robot_ras_decision.egg-info/dependency_links.txt
[0.300s] writing top-level names to robot_ras_decision.egg-info/top_level.txt
[0.302s] reading manifest file 'robot_ras_decision.egg-info/SOURCES.txt'
[0.302s] writing manifest file 'robot_ras_decision.egg-info/SOURCES.txt'
[0.325s] [ 97%] Built target ament_cmake_python_build_robot_ras_decision_egg
[2.250s] [01m[K/home/pedro/ros2_ws/src/robot_ras_decision/src/manager.cpp:[m[K In member function â€˜[01m[Kvoid Manager::timer_callback()[m[Kâ€™:
[2.250s] [01m[K/home/pedro/ros2_ws/src/robot_ras_decision/src/manager.cpp:133:1:[m[K [01;31m[Kerror: [m[Kâ€˜[01m[Kdirecao[m[Kâ€™ was not declared in this scope
[2.250s]   133 | [01;31m[Kdirecao[m[K = "right";
[2.250s]       | [01;31m[K^~~~~~~[m[K
[2.250s] [01m[K/home/pedro/ros2_ws/src/robot_ras_decision/src/manager.cpp:66:9:[m[K [01;35m[Kwarning: [m[Kunused variable â€˜[01m[Ktempo_frente[m[Kâ€™ [[01;35m[K]8;;https://gcc.gnu.org/onlinedocs/gcc/Warning-Options.html#index-Wunused-variable-Wunused-variable]8;;[m[K]
[2.250s]    66 |   float [01;35m[Ktempo_frente[m[K = (distancia_frente_ > 0.05f) ? distancia_frente_ / velocidade_linear : 1000.0f;
[2.250s]       |         [01;35m[K^~~~~~~~~~~~[m[K
[4.459s] gmake[2]: *** [CMakeFiles/Manager.dir/build.make:76: CMakeFiles/Manager.dir/src/manager.cpp.o] Error 1
[4.459s] gmake[1]: *** [CMakeFiles/Makefile2:624: CMakeFiles/Manager.dir/all] Error 2
[4.459s] gmake: *** [Makefile:146: all] Error 2
[4.461s] Invoked command in '/home/pedro/ros2_ws/build/robot_ras_decision' returned '2': CMAKE_PREFIX_PATH=${CMAKE_PREFIX_PATH}:/opt/ros/humble /usr/bin/cmake --build /home/pedro/ros2_ws/build/robot_ras_decision -- -j6 -l6
