[0.010s] Invoking command in '/home/pedro/ros2_ws/build/robot_ras_decision': CMAKE_PREFIX_PATH=${CMAKE_PREFIX_PATH}:/opt/ros/humble /usr/bin/cmake /home/pedro/ros2_ws/src/robot_ras_decision -DCMAKE_INSTALL_PREFIX=/home/pedro/ros2_ws/install/robot_ras_decision
[0.228s] -- The C compiler identification is GNU 11.4.0
[0.316s] -- The CXX compiler identification is GNU 11.4.0
[0.329s] -- Detecting C compiler ABI info
[0.430s] -- Detecting C compiler ABI info - done
[0.441s] -- Check for working C compiler: /usr/bin/cc - skipped
[0.442s] -- Detecting C compile features
[0.444s] -- Detecting C compile features - done
[0.448s] -- Detecting CXX compiler ABI info
[0.530s] -- Detecting CXX compiler ABI info - done
[0.537s] -- Check for working CXX compiler: /usr/bin/c++ - skipped
[0.537s] -- Detecting CXX compile features
[0.537s] -- Detecting CXX compile features - done
[0.546s] -- Found ament_cmake: 1.3.12 (/opt/ros/humble/share/ament_cmake/cmake)
[0.682s] -- Found Python3: /usr/bin/python3 (found version "3.10.12") found components: Interpreter 
[0.763s] -- Found rclcpp: 16.0.14 (/opt/ros/humble/share/rclcpp/cmake)
[0.803s] -- Found rosidl_generator_c: 3.1.7 (/opt/ros/humble/share/rosidl_generator_c/cmake)
[0.808s] -- Found rosidl_adapter: 3.1.7 (/opt/ros/humble/share/rosidl_adapter/cmake)
[0.815s] -- Found rosidl_generator_cpp: 3.1.7 (/opt/ros/humble/share/rosidl_generator_cpp/cmake)
[0.828s] -- Using all available rosidl_typesupport_c: rosidl_typesupport_fastrtps_c;rosidl_typesupport_introspection_c
[0.845s] -- Using all available rosidl_typesupport_cpp: rosidl_typesupport_fastrtps_cpp;rosidl_typesupport_introspection_cpp
[0.888s] -- Found rmw_implementation_cmake: 6.1.2 (/opt/ros/humble/share/rmw_implementation_cmake/cmake)
[0.890s] -- Found rmw_fastrtps_cpp: 6.2.8 (/opt/ros/humble/share/rmw_fastrtps_cpp/cmake)
[0.970s] -- Found OpenSSL: /usr/lib/x86_64-linux-gnu/libcrypto.so (found version "3.0.2")  
[0.993s] -- Found FastRTPS: /opt/ros/humble/include  
[1.030s] -- Using RMW implementation 'rmw_fastrtps_cpp' as default
[1.037s] -- Looking for pthread.h
[1.104s] -- Looking for pthread.h - found
[1.105s] -- Performing Test CMAKE_HAVE_LIBC_PTHREAD
[1.173s] -- Performing Test CMAKE_HAVE_LIBC_PTHREAD - Success
[1.174s] -- Found Threads: TRUE  
[1.224s] -- Found sensor_msgs: 4.9.0 (/opt/ros/humble/share/sensor_msgs/cmake)
[1.254s] -- Found rosidl_default_generators: 1.2.0 (/opt/ros/humble/share/rosidl_default_generators/cmake)
[1.489s] -- Found ament_cmake_ros: 0.10.0 (/opt/ros/humble/share/ament_cmake_ros/cmake)
[1.758s] -- Using all available rosidl_typesupport_c: rosidl_typesupport_fastrtps_c;rosidl_typesupport_introspection_c
[1.864s] -- Using all available rosidl_typesupport_cpp: rosidl_typesupport_fastrtps_cpp;rosidl_typesupport_introspection_cpp
[1.885s] -- Found PythonInterp: /usr/bin/python3 (found suitable version "3.10.12", minimum required is "3.6") 
[1.887s] -- Found python_cmake_module: 0.10.0 (/opt/ros/humble/share/python_cmake_module/cmake)
[1.911s] -- Found PythonLibs: /usr/lib/x86_64-linux-gnu/libpython3.10.so (found suitable version "3.10.12", minimum required is "3.5") 
[1.911s] -- Using PYTHON_EXECUTABLE: /usr/bin/python3
[1.911s] -- Using PYTHON_INCLUDE_DIRS: /usr/include/python3.10
[1.911s] -- Using PYTHON_LIBRARIES: /usr/lib/x86_64-linux-gnu/libpython3.10.so
[1.930s] -- Found PythonExtra: .so  
[1.962s] [0mCMake Deprecation Warning at /opt/ros/humble/share/rosidl_cmake/cmake/rosidl_target_interfaces.cmake:32 (message):
[1.962s]   Use rosidl_get_typesupport_target() and target_link_libraries() instead of
[1.962s]   rosidl_target_interfaces()
[1.962s] Call Stack (most recent call first):
[1.962s]   CMakeLists.txt:28 (rosidl_target_interfaces)
[1.962s] 
[1.962s] [0m
[1.964s] [0mCMake Deprecation Warning at /opt/ros/humble/share/rosidl_cmake/cmake/rosidl_target_interfaces.cmake:32 (message):
[1.964s]   Use rosidl_get_typesupport_target() and target_link_libraries() instead of
[1.964s]   rosidl_target_interfaces()
[1.964s] Call Stack (most recent call first):
[1.964s]   CMakeLists.txt:32 (rosidl_target_interfaces)
[1.964s] 
[1.964s] [0m
[1.970s] -- Configuring done
[2.010s] -- Generating done
[2.022s] -- Build files have been written to: /home/pedro/ros2_ws/build/robot_ras_decision
[2.033s] Invoked command in '/home/pedro/ros2_ws/build/robot_ras_decision' returned '0': CMAKE_PREFIX_PATH=${CMAKE_PREFIX_PATH}:/opt/ros/humble /usr/bin/cmake /home/pedro/ros2_ws/src/robot_ras_decision -DCMAKE_INSTALL_PREFIX=/home/pedro/ros2_ws/install/robot_ras_decision
[2.034s] Invoking command in '/home/pedro/ros2_ws/build/robot_ras_decision': CMAKE_PREFIX_PATH=${CMAKE_PREFIX_PATH}:/opt/ros/humble /usr/bin/cmake --build /home/pedro/ros2_ws/build/robot_ras_decision -- -j6 -l6
[2.073s] [  2%] [34m[1mGenerating C code for ROS interfaces[0m
[2.085s] [  4%] [34m[1mGenerating C++ code for ROS interfaces[0m
[2.092s] [  4%] Built target ament_cmake_python_copy_robot_ras_decision
[2.321s] running egg_info
[2.323s] creating robot_ras_decision.egg-info
[2.323s] writing robot_ras_decision.egg-info/PKG-INFO
[2.324s] writing dependency_links to robot_ras_decision.egg-info/dependency_links.txt
[2.324s] writing top-level names to robot_ras_decision.egg-info/top_level.txt
[2.325s] writing manifest file 'robot_ras_decision.egg-info/SOURCES.txt'
[2.327s] reading manifest file 'robot_ras_decision.egg-info/SOURCES.txt'
[2.329s] writing manifest file 'robot_ras_decision.egg-info/SOURCES.txt'
[2.361s] [  4%] Built target ament_cmake_python_build_robot_ras_decision_egg
[2.428s] [  6%] [32mBuilding C object CMakeFiles/robot_ras_decision__rosidl_generator_c.dir/rosidl_generator_c/robot_ras_decision/msg/detail/movement__functions.c.o[0m
[2.428s] [  9%] [32mBuilding C object CMakeFiles/robot_ras_decision__rosidl_generator_c.dir/rosidl_generator_c/robot_ras_decision/srv/detail/set_velocity__functions.c.o[0m
[2.439s] [  9%] Built target robot_ras_decision__cpp
[2.451s] [ 11%] [34m[1mGenerating C++ type support dispatch for ROS interfaces[0m
[2.452s] [ 13%] [34m[1mGenerating C++ type support for eProsima Fast-RTPS[0m
[2.454s] [ 16%] [34m[1mGenerating C++ introspection for ROS interfaces[0m
[2.495s] [ 18%] [32m[1mLinking C shared library librobot_ras_decision__rosidl_generator_c.so[0m
[2.537s] [ 18%] Built target robot_ras_decision__rosidl_generator_c
[2.548s] [ 23%] [34m[1mGenerating C introspection for ROS interfaces[0m
[2.549s] [ 23%] [34m[1mGenerating C type support dispatch for ROS interfaces[0m
[2.549s] [ 25%] [34m[1mGenerating C type support for eProsima Fast-RTPS[0m
[2.746s] [ 27%] [32mBuilding CXX object CMakeFiles/robot_ras_decision__rosidl_typesupport_cpp.dir/rosidl_typesupport_cpp/robot_ras_decision/msg/movement__type_support.cpp.o[0m
[2.807s] [ 30%] [32mBuilding CXX object CMakeFiles/robot_ras_decision__rosidl_typesupport_introspection_cpp.dir/rosidl_typesupport_introspection_cpp/robot_ras_decision/msg/detail/movement__type_support.cpp.o[0m
[2.869s] [ 32%] [32mBuilding CXX object CMakeFiles/robot_ras_decision__rosidl_typesupport_fastrtps_cpp.dir/rosidl_typesupport_fastrtps_cpp/robot_ras_decision/msg/detail/dds_fastrtps/movement__type_support.cpp.o[0m
[2.892s] [ 34%] [32mBuilding C object CMakeFiles/robot_ras_decision__rosidl_typesupport_introspection_c.dir/rosidl_typesupport_introspection_c/robot_ras_decision/msg/detail/movement__type_support.c.o[0m
[2.897s] [ 37%] [32mBuilding CXX object CMakeFiles/robot_ras_decision__rosidl_typesupport_c.dir/rosidl_typesupport_c/robot_ras_decision/msg/movement__type_support.cpp.o[0m
[2.933s] [ 39%] [32mBuilding C object CMakeFiles/robot_ras_decision__rosidl_typesupport_introspection_c.dir/rosidl_typesupport_introspection_c/robot_ras_decision/srv/detail/set_velocity__type_support.c.o[0m
[2.940s] [ 41%] [32mBuilding CXX object CMakeFiles/robot_ras_decision__rosidl_typesupport_fastrtps_c.dir/rosidl_typesupport_fastrtps_c/robot_ras_decision/msg/detail/movement__type_support_c.cpp.o[0m
[2.945s] [ 44%] [32mBuilding CXX object CMakeFiles/robot_ras_decision__rosidl_typesupport_c.dir/rosidl_typesupport_c/robot_ras_decision/srv/set_velocity__type_support.cpp.o[0m
[2.989s] [ 46%] [32m[1mLinking C shared library librobot_ras_decision__rosidl_typesupport_introspection_c.so[0m
[2.999s] [ 48%] [32m[1mLinking CXX shared library librobot_ras_decision__rosidl_typesupport_c.so[0m
[3.048s] [ 48%] Built target robot_ras_decision__rosidl_typesupport_introspection_c
[3.066s] [ 51%] [32mBuilding CXX object CMakeFiles/robot_ras_decision__rosidl_typesupport_fastrtps_c.dir/rosidl_typesupport_fastrtps_c/robot_ras_decision/srv/detail/set_velocity__type_support_c.cpp.o[0m
[3.081s] [ 51%] Built target robot_ras_decision__rosidl_typesupport_c
[3.092s] [ 53%] [32mBuilding CXX object CMakeFiles/robot_ras_decision__rosidl_typesupport_fastrtps_cpp.dir/rosidl_typesupport_fastrtps_cpp/robot_ras_decision/srv/detail/dds_fastrtps/set_velocity__type_support.cpp.o[0m
[3.140s] [ 55%] [32mBuilding CXX object CMakeFiles/robot_ras_decision__rosidl_typesupport_cpp.dir/rosidl_typesupport_cpp/robot_ras_decision/srv/set_velocity__type_support.cpp.o[0m
[3.308s] [ 58%] [32mBuilding CXX object CMakeFiles/robot_ras_decision__rosidl_typesupport_introspection_cpp.dir/rosidl_typesupport_introspection_cpp/robot_ras_decision/srv/detail/set_velocity__type_support.cpp.o[0m
[3.517s] [ 60%] [32m[1mLinking CXX shared library librobot_ras_decision__rosidl_typesupport_cpp.so[0m
[3.542s] [ 62%] [32m[1mLinking CXX shared library librobot_ras_decision__rosidl_typesupport_fastrtps_c.so[0m
[3.579s] [ 62%] Built target robot_ras_decision__rosidl_typesupport_cpp
[3.651s] [ 62%] Built target robot_ras_decision__rosidl_typesupport_fastrtps_c
[3.673s] [ 65%] [32m[1mLinking CXX shared library librobot_ras_decision__rosidl_typesupport_fastrtps_cpp.so[0m
[3.764s] [ 65%] Built target robot_ras_decision__rosidl_typesupport_fastrtps_cpp
[3.815s] [ 67%] [32m[1mLinking CXX shared library librobot_ras_decision__rosidl_typesupport_introspection_cpp.so[0m
[3.884s] [ 67%] Built target robot_ras_decision__rosidl_typesupport_introspection_cpp
[3.903s] [ 67%] Built target robot_ras_decision
[3.924s] [ 72%] [32mBuilding CXX object CMakeFiles/Manager.dir/src/manager.cpp.o[0m
[3.925s] [ 72%] [34m[1mGenerating Python code for ROS interfaces[0m
[3.925s] [ 74%] [32mBuilding CXX object CMakeFiles/MovementControl.dir/src/moviment_control.cpp.o[0m
[4.377s] [ 74%] Built target robot_ras_decision__py
[4.402s] [ 76%] [32mBuilding C object CMakeFiles/robot_ras_decision__rosidl_generator_py.dir/rosidl_generator_py/robot_ras_decision/srv/_set_velocity_s.c.o[0m
[4.406s] [ 79%] [32mBuilding C object CMakeFiles/robot_ras_decision__rosidl_generator_py.dir/rosidl_generator_py/robot_ras_decision/msg/_movement_s.c.o[0m
[4.563s] [ 81%] [32m[1mLinking C shared library rosidl_generator_py/robot_ras_decision/librobot_ras_decision__rosidl_generator_py.so[0m
[4.612s] [ 81%] Built target robot_ras_decision__rosidl_generator_py
[4.641s] [ 83%] [32mBuilding C object CMakeFiles/robot_ras_decision__rosidl_typesupport_introspection_c__pyext.dir/rosidl_generator_py/robot_ras_decision/_robot_ras_decision_s.ep.rosidl_typesupport_introspection_c.c.o[0m
[4.644s] [ 86%] [32mBuilding C object CMakeFiles/robot_ras_decision__rosidl_typesupport_c__pyext.dir/rosidl_generator_py/robot_ras_decision/_robot_ras_decision_s.ep.rosidl_typesupport_c.c.o[0m
[4.645s] [ 88%] [32mBuilding C object CMakeFiles/robot_ras_decision__rosidl_typesupport_fastrtps_c__pyext.dir/rosidl_generator_py/robot_ras_decision/_robot_ras_decision_s.ep.rosidl_typesupport_fastrtps_c.c.o[0m
[4.775s] [ 90%] [32m[1mLinking C shared library rosidl_generator_py/robot_ras_decision/robot_ras_decision_s__rosidl_typesupport_c.cpython-310-x86_64-linux-gnu.so[0m
[4.791s] [ 95%] [32m[1mLinking C shared library rosidl_generator_py/robot_ras_decision/robot_ras_decision_s__rosidl_typesupport_introspection_c.cpython-310-x86_64-linux-gnu.so[0m
[4.792s] [ 95%] [32m[1mLinking C shared library rosidl_generator_py/robot_ras_decision/robot_ras_decision_s__rosidl_typesupport_fastrtps_c.cpython-310-x86_64-linux-gnu.so[0m
[4.829s] [ 95%] Built target robot_ras_decision__rosidl_typesupport_c__pyext
[4.844s] [ 95%] Built target robot_ras_decision__rosidl_typesupport_introspection_c__pyext
[4.845s] [ 95%] Built target robot_ras_decision__rosidl_typesupport_fastrtps_c__pyext
[6.275s] [01m[K/home/pedro/ros2_ws/src/robot_ras_decision/src/manager.cpp:[m[K In member function â€˜[01m[Kvoid Manager::timer_callback()[m[Kâ€™:
[6.275s] [01m[K/home/pedro/ros2_ws/src/robot_ras_decision/src/manager.cpp:74:9:[m[K [01;31m[Kerror: [m[Kâ€˜[01m[Kusing Movement = struct robot_ras_decision::msg::Movement_<std::allocator<void> >[m[Kâ€™ {aka â€˜[01m[Kstruct robot_ras_decision::msg::Movement_<std::allocator<void> >[m[Kâ€™} has no member named â€˜[01m[Kangulo[m[Kâ€™
[6.276s]    74 |     msg.[01;31m[Kangulo[m[K = 0.0;
[6.276s]       |         [01;31m[K^~~~~~[m[K
[6.276s] [01m[K/home/pedro/ros2_ws/src/robot_ras_decision/src/manager.cpp:84:11:[m[K [01;31m[Kerror: [m[Kâ€˜[01m[Kusing Movement = struct robot_ras_decision::msg::Movement_<std::allocator<void> >[m[Kâ€™ {aka â€˜[01m[Kstruct robot_ras_decision::msg::Movement_<std::allocator<void> >[m[Kâ€™} has no member named â€˜[01m[Kangulo[m[Kâ€™
[6.276s]    84 |       msg.[01;31m[Kangulo[m[K = 1.57;  // curva de 90 graus para esquerda (em radianos)
[6.276s]       |           [01;31m[K^~~~~~[m[K
[6.276s] [01m[K/home/pedro/ros2_ws/src/robot_ras_decision/src/manager.cpp:91:11:[m[K [01;31m[Kerror: [m[Kâ€˜[01m[Kusing Movement = struct robot_ras_decision::msg::Movement_<std::allocator<void> >[m[Kâ€™ {aka â€˜[01m[Kstruct robot_ras_decision::msg::Movement_<std::allocator<void> >[m[Kâ€™} has no member named â€˜[01m[Kangulo[m[Kâ€™
[6.276s]    91 |       msg.[01;31m[Kangulo[m[K = -1.57;  // curva de 90 graus para direita (negativo para sentido oposto)
[6.276s]       |           [01;31m[K^~~~~~[m[K
[6.276s] [01m[K/home/pedro/ros2_ws/src/robot_ras_decision/src/manager.cpp:98:11:[m[K [01;31m[Kerror: [m[Kâ€˜[01m[Kusing Movement = struct robot_ras_decision::msg::Movement_<std::allocator<void> >[m[Kâ€™ {aka â€˜[01m[Kstruct robot_ras_decision::msg::Movement_<std::allocator<void> >[m[Kâ€™} has no member named â€˜[01m[Kangulo[m[Kâ€™
[6.276s]    98 |       msg.[01;31m[Kangulo[m[K = 0.0;
[6.276s]       |           [01;31m[K^~~~~~[m[K
[8.838s] gmake[2]: *** [CMakeFiles/Manager.dir/build.make:76: CMakeFiles/Manager.dir/src/manager.cpp.o] Error 1
[8.838s] gmake[1]: *** [CMakeFiles/Makefile2:624: CMakeFiles/Manager.dir/all] Error 2
[8.838s] gmake[1]: *** Waiting for unfinished jobs....
[12.905s] [ 97%] [32m[1mLinking CXX executable MovementControl[0m
[13.397s] [ 97%] Built target MovementControl
[13.398s] gmake: *** [Makefile:146: all] Error 2
[13.400s] Invoked command in '/home/pedro/ros2_ws/build/robot_ras_decision' returned '2': CMAKE_PREFIX_PATH=${CMAKE_PREFIX_PATH}:/opt/ros/humble /usr/bin/cmake --build /home/pedro/ros2_ws/build/robot_ras_decision -- -j6 -l6
